13:39:09- INFO - Configuration settings:
	nSteps: 500
	tStart: 0.0
	tEnd: 0.5
	meshName: c:\Users\cyrgo\Desktop\NMBU\GITHUB prosjekter\Group5XJamalixGrøttingXSvendsli-3\bay.msh
	borders: [[0.0, 0.45], [0.0, 0.2]]
	logName: t0 to t0.5 - 500n
	writeFrequency: 25
13:39:13- INFO - At Time: 0.000/0.500: Oil in fishing grounds: 5.849e-06
13:39:17- INFO - At Time: 0.025/0.500: Oil in fishing grounds: 1.031e-05
13:39:22- INFO - At Time: 0.050/0.500: Oil in fishing grounds: 1.766e-05
13:39:27- INFO - At Time: 0.075/0.500: Oil in fishing grounds: 2.949e-05
13:39:32- INFO - At Time: 0.100/0.500: Oil in fishing grounds: 4.793e-05
13:39:37- INFO - At Time: 0.125/0.500: Oil in fishing grounds: 7.569e-05
13:39:42- INFO - At Time: 0.150/0.500: Oil in fishing grounds: 1.161e-04
13:39:46- INFO - At Time: 0.175/0.500: Oil in fishing grounds: 1.731e-04
13:39:51- INFO - At Time: 0.200/0.500: Oil in fishing grounds: 2.510e-04
13:39:56- INFO - At Time: 0.225/0.500: Oil in fishing grounds: 3.543e-04
13:40:01- INFO - At Time: 0.250/0.500: Oil in fishing grounds: 4.873e-04
13:40:06- INFO - At Time: 0.275/0.500: Oil in fishing grounds: 6.538e-04
13:40:11- INFO - At Time: 0.300/0.500: Oil in fishing grounds: 8.564e-04
13:40:16- INFO - At Time: 0.325/0.500: Oil in fishing grounds: 1.096e-03
13:40:20- INFO - At Time: 0.350/0.500: Oil in fishing grounds: 1.373e-03
13:40:25- INFO - At Time: 0.375/0.500: Oil in fishing grounds: 1.684e-03
13:40:30- INFO - At Time: 0.400/0.500: Oil in fishing grounds: 2.025e-03
13:40:35- INFO - At Time: 0.425/0.500: Oil in fishing grounds: 2.389e-03
13:40:39- INFO - At Time: 0.450/0.500: Oil in fishing grounds: 2.770e-03
13:40:44- INFO - At Time: 0.475/0.500: Oil in fishing grounds: 3.158e-03
13:40:49- INFO - At Time: 0.500/0.500: Oil in fishing grounds: 3.544e-03
